#
# A fatal error has been detected by the Java Runtime Environment:
#
#  Internal Error (safepoint.cpp:555), pid=5116, tid=1020
#  Error: Deadlock in safepoint code.  Should have called back to the VM before blocking.
#
# JRE version: 6.0_17-b04
# Java VM: Java HotSpot(TM) 64-Bit Server VM (14.3-b01 mixed mode windows-amd64 )
# If you would like to submit a bug report, please visit:
#   http://java.sun.com/webapps/bugreport/crash.jsp
#

---------------  T H R E A D  ---------------

Current thread (0x000000000637a000):  JavaThread "main" [_thread_in_native_trans, id=1020, stack(0x0000000000100000,0x0000000004100000)]

Stack: [0x0000000000100000,0x0000000004100000]
[error occurred during error reporting (printing stack bounds), id 0xe0000000]


[error occurred during error reporting (printing native stack), id 0xe0000000]


---------------  P R O C E S S  ---------------

Java Threads: ( => current thread )
  0x000000000f30e800 JavaThread "Timer-InstrumentReadWritePoll" [_thread_blocked, id=1968, stack(0x000000003ba50000,0x000000003bad0000)]
  0x000000000f30a000 JavaThread "Thread-42" [_thread_in_native, id=3860, stack(0x000000003bad0000,0x000000003bb50000)]
  0x000000000f310000 JavaThread "Swing-Shell" daemon [_thread_blocked, id=6324, stack(0x000000003b8c0000,0x000000003b940000)]
  0x000000000f30c800 JavaThread "Timer-4" daemon [_thread_blocked, id=3852, stack(0x0000000068200000,0x0000000068280000)]
  0x000000000f30b000 JavaThread "Explorer NavigationContext request queue" [_thread_blocked, id=7112, stack(0x0000000068010000,0x0000000068090000)]
  0x000000000f309800 JavaThread "AddressBar directory emptiness poller" [_thread_blocked, id=7072, stack(0x00000000667d0000,0x0000000066850000)]
  0x000000000f309000 JavaThread "Explorer Refresh Service 1585929710" [_thread_blocked, id=7068, stack(0x0000000066720000,0x00000000667a0000)]
  0x000000000f307800 JavaThread "Timer-1" daemon [_thread_blocked, id=7008, stack(0x0000000014e60000,0x0000000014ee0000)]
  0x000000000f306000 JavaThread "TimerQueue" daemon [_thread_blocked, id=6956, stack(0x00000000211d0000,0x0000000021250000)]
  0x000000000f305000 JavaThread "Thread-5" daemon [_thread_blocked, id=6944, stack(0x00000000252b0000,0x0000000025330000)]
  0x000000000f304800 JavaThread "AWT-EventQueue-0" [_thread_blocked, id=6940, stack(0x000000000d790000,0x000000000d810000)]
  0x000000000f303800 JavaThread "AWT-Shutdown" [_thread_blocked, id=6936, stack(0x0000000018f60000,0x0000000018fe0000)]
  0x000000000f303000 JavaThread "FelixPackageAdmin" daemon [_thread_blocked, id=6912, stack(0x000000000fda0000,0x000000000fe20000)]
  0x000000000f140000 JavaThread "FelixStartLevel" daemon [_thread_blocked, id=6908, stack(0x000000001d040000,0x000000001d0c0000)]
  0x000000000f13f800 JavaThread "FelixDispatchQueue" daemon [_thread_blocked, id=6904, stack(0x000000000ca50000,0x000000000cad0000)]
  0x000000000f06d800 JavaThread "com.google.common.base.internal.Finalizer" daemon [_thread_blocked, id=6852, stack(0x000000000ff60000,0x000000000ffe0000)]
  0x000000000ef64000 JavaThread "AWT-Windows" daemon [_thread_blocked, id=6808, stack(0x0000000008d00000,0x0000000008d80000)]
  0x000000000d3b8000 JavaThread "Java2D Disposer" daemon [_thread_blocked, id=6796, stack(0x000000000d600000,0x000000000d680000)]
  0x000000000ed4c800 JavaThread "Timer-0" [_thread_blocked, id=6764, stack(0x000000000d210000,0x000000000d290000)]
  0x000000000d4f9800 JavaThread "EventMgr Dispatcher" daemon [_thread_in_native, id=6272, stack(0x0000000010e60000,0x0000000014e60000)]
  0x000000000d410800 JavaThread "Low Memory Detector" daemon [_thread_blocked, id=6552, stack(0x000000000cad0000,0x000000000cb50000)]
  0x000000000d40d000 JavaThread "CompilerThread1" daemon [_thread_blocked, id=6536, stack(0x0000000062160000,0x0000000066160000)]
  0x000000000d406800 JavaThread "CompilerThread0" daemon [_thread_blocked, id=6532, stack(0x000000005e080000,0x0000000062080000)]
  0x000000000d401800 JavaThread "Attach Listener" daemon [_thread_blocked, id=6528, stack(0x000000000c370000,0x000000000c3f0000)]
  0x000000000d3ad800 JavaThread "Finalizer" daemon [_thread_blocked, id=6520, stack(0x000000000ccb0000,0x000000000cd30000)]
  0x000000000d3a7000 JavaThread "Reference Handler" daemon [_thread_blocked, id=6512, stack(0x000000000cc30000,0x000000000ccb0000)]
=>0x000000000637a000 JavaThread "main" [_thread_in_native_trans, id=1020, stack(0x0000000000100000,0x0000000004100000)]

Other Threads:
  0x000000000d3a2800 VMThread [stack: 0x000000005a000000,0x000000005e000000] [id=6504]
  0x000000000d426000 WatcherThread [stack: 0x0000000080000000,0x0000000084000000] [id=6556]

VM state:synchronizing (normal execution)

VM Mutex/Monitor currently owned by a thread:  ([mutex/lock_event])
[0x0000000006378660] Threads_lock - owner thread: 0x000000000d3a2800
[0x00000000063789e0] JNIGlobalHandle_lock - owner thread: 0x000000000637a000

Heap
 PSYoungGen      total 12480K, used 3000K [0x000000004ea90000, 0x000000004fcb0000, 0x0000000051b90000)
  eden space 11648K, 18% used [0x000000004ea90000,0x000000004ecae648,0x000000004f5f0000)
  from space 832K, 99% used [0x000000004f630000,0x000000004f6ff9d8,0x000000004f700000)
  to   space 3456K, 0% used [0x000000004f950000,0x000000004f950000,0x000000004fcb0000)
 PSOldGen        total 61952K, used 40144K [0x0000000045790000, 0x0000000049410000, 0x000000004ea90000)
  object space 61952K, 64% used [0x0000000045790000,0x0000000047ec41c0,0x0000000049410000)
 PSPermGen       total 115456K, used 57658K [0x000000003d790000, 0x0000000044850000, 0x0000000045790000)
  object space 115456K, 49% used [0x000000003d790000,0x0000000040fdea38,0x0000000044850000)

Dynamic libraries:
0x000000013ffc0000 - 0x000000013ffed000 	C:\MATLAB_R2012b\bin\win64\MATLAB.exe
0x00000000775f0000 - 0x0000000077799000 	C:\Windows\SYSTEM32\ntdll.dll
0x00000000773d0000 - 0x00000000774ef000 	C:\Windows\system32\kernel32.dll
0x000007fefd730000 - 0x000007fefd79b000 	C:\Windows\system32\KERNELBASE.dll
0x0000000075280000 - 0x0000000075316000 	C:\Windows\System32\SYSFER.DLL
0x0000000074460000 - 0x000000007451f000 	C:\MATLAB_R2012b\bin\win64\libut.dll
0x00000000758a0000 - 0x000000007595c000 	C:\MATLAB_R2012b\bin\win64\libmwi18n.dll
0x0000000180000000 - 0x000000018000b000 	C:\MATLAB_R2012b\bin\win64\libmwresource_core.dll
0x0000000072420000 - 0x00000000724f3000 	C:\Windows\WinSxS\amd64_microsoft.vc90.crt_1fc8b3b9a1e18e3b_9.0.30729.6161_none_08e61857a83bc251\MSVCP90.dll
0x00000000726a0000 - 0x0000000072743000 	C:\Windows\WinSxS\amd64_microsoft.vc90.crt_1fc8b3b9a1e18e3b_9.0.30729.6161_none_08e61857a83bc251\MSVCR90.dll
0x000000007a170000 - 0x000000007a19c000 	C:\MATLAB_R2012b\bin\win64\boost_filesystem-vc90-mt-1_44.dll
0x000000007a560000 - 0x000000007a569000 	C:\MATLAB_R2012b\bin\win64\boost_system-vc90-mt-1_44.dll
0x000007fefdb80000 - 0x000007fefdc5b000 	C:\Windows\system32\ADVAPI32.dll
0x000007fefe250000 - 0x000007fefe2ef000 	C:\Windows\system32\msvcrt.dll
0x000007fefdc60000 - 0x000007fefdc7f000 	C:\Windows\SYSTEM32\sechost.dll
0x000007fefd920000 - 0x000007fefda4d000 	C:\Windows\system32\RPCRT4.dll
0x000000007a010000 - 0x000000007a035000 	C:\MATLAB_R2012b\bin\win64\LIBEXPAT.dll
0x000000006de30000 - 0x000000006e021000 	C:\MATLAB_R2012b\bin\win64\icuin44.dll
0x000000006dcb0000 - 0x000000006de21000 	C:\MATLAB_R2012b\bin\win64\icuuc44.dll
0x0000000010000000 - 0x0000000010e41000 	C:\MATLAB_R2012b\bin\win64\icudt44.dll
0x0000000073f70000 - 0x000000007411d000 	C:\MATLAB_R2012b\bin\win64\libmwfl.dll
0x00000000042b0000 - 0x0000000004666000 	C:\MATLAB_R2012b\bin\win64\libmwMATLAB_res.dll
0x000000007a3b0000 - 0x000000007a3c0000 	C:\MATLAB_R2012b\bin\win64\boost_date_time-vc90-mt-1_44.dll
0x000000007a250000 - 0x000000007a263000 	C:\MATLAB_R2012b\bin\win64\boost_signals-vc90-mt-1_44.dll
0x000000007a2d0000 - 0x000000007a2e2000 	C:\MATLAB_R2012b\bin\win64\boost_thread-vc90-mt-1_44.dll
0x0000000004670000 - 0x000000000472d000 	C:\MATLAB_R2012b\bin\win64\boost_log-vc90-mt-1_44.dll
0x00000000777b0000 - 0x00000000777b7000 	C:\Windows\system32\PSAPI.DLL
0x000007fefe5d0000 - 0x000007fefe61d000 	C:\Windows\system32\WS2_32.dll
0x000007fefe470000 - 0x000007fefe478000 	C:\Windows\system32\NSI.dll
0x0000000004740000 - 0x0000000004786000 	C:\MATLAB_R2012b\bin\win64\tbb.dll
0x000007fefddf0000 - 0x000007fefde09000 	C:\Windows\system32\imagehlp.dll
0x0000000074880000 - 0x0000000074893000 	C:\MATLAB_R2012b\bin\win64\icuio44.dll
0x000007feedbe0000 - 0x000007feedd05000 	C:\Windows\system32\dbghelp.dll
0x00000000774f0000 - 0x00000000775ea000 	C:\Windows\system32\USER32.dll
0x000007fefe9c0000 - 0x000007fefea27000 	C:\Windows\system32\GDI32.dll
0x000007fefd910000 - 0x000007fefd91e000 	C:\Windows\system32\LPK.dll
0x000007fefe480000 - 0x000007fefe549000 	C:\Windows\system32\USP10.dll
0x00000000047b0000 - 0x0000000004a8c000 	C:\MATLAB_R2012b\bin\win64\libmwservices.dll
0x0000000075a20000 - 0x0000000075af3000 	C:\MATLAB_R2012b\bin\win64\libmx.dll
0x0000000004ab0000 - 0x0000000004ad9000 	C:\MATLAB_R2012b\bin\win64\tbbmalloc.dll
0x000000007a210000 - 0x000000007a228000 	C:\MATLAB_R2012b\bin\win64\zlib1.dll
0x0000000004b00000 - 0x0000000004b4d000 	C:\MATLAB_R2012b\bin\win64\libmwregexp.dll
0x0000000004b60000 - 0x0000000004b83000 	C:\MATLAB_R2012b\bin\win64\libmwmfl_scalar.dll
0x0000000075f10000 - 0x0000000075f60000 	C:\MATLAB_R2012b\bin\win64\mpath.dll
0x000000007b680000 - 0x000000007bc9a000 	C:\MATLAB_R2012b\bin\win64\mlutil.dll
0x00000000754d0000 - 0x0000000075551000 	C:\MATLAB_R2012b\bin\win64\xmlcore.dll
0x0000000004bd0000 - 0x0000000004e23000 	C:\MATLAB_R2012b\bin\win64\xerces-c_2_7.dll
0x0000000004e40000 - 0x0000000004e60000 	C:\MATLAB_R2012b\bin\win64\libmwMATLAB_settings_res.dll
0x0000000004e70000 - 0x0000000004e80000 	C:\MATLAB_R2012b\bin\win64\boost_iostreams-vc90-mt-1_44.dll
0x0000000004e90000 - 0x0000000004ed7000 	C:\MATLAB_R2012b\bin\win64\boost_serialization-vc90-mt-1_44.dll
0x000007fefead0000 - 0x000007feff858000 	C:\Windows\system32\SHELL32.dll
0x000007fefe830000 - 0x000007fefe8a1000 	C:\Windows\system32\SHLWAPI.dll
0x000007fef3bf0000 - 0x000007fef3c90000 	C:\Windows\WinSxS\amd64_microsoft.windows.common-controls_6595b64144ccf1df_5.82.7601.17514_none_a4d6a923711520a9\COMCTL32.dll
0x000007feff860000 - 0x000007feff8f7000 	C:\Windows\system32\COMDLG32.dll
0x000007fefb610000 - 0x000007fefb626000 	C:\Windows\system32\NETAPI32.dll
0x000007fefd000000 - 0x000007fefd00c000 	C:\Windows\system32\netutils.dll
0x000007fefd090000 - 0x000007fefd0b3000 	C:\Windows\system32\srvcli.dll
0x000007fefb5f0000 - 0x000007fefb605000 	C:\Windows\system32\wkscli.dll
0x000007fefe620000 - 0x000007fefe823000 	C:\Windows\system32\ole32.dll
0x000007fefdce0000 - 0x000007fefddb7000 	C:\Windows\system32\OLEAUT32.dll
0x0000000074970000 - 0x0000000074a31000 	C:\MATLAB_R2012b\bin\win64\mcr.dll
0x0000000004f00000 - 0x00000000052e9000 	C:\MATLAB_R2012b\bin\win64\iqm.dll
0x0000000074e80000 - 0x0000000074f38000 	C:\MATLAB_R2012b\bin\win64\m_dispatcher.dll
0x0000000005310000 - 0x00000000053fd000 	C:\MATLAB_R2012b\bin\win64\boost_regex-vc90-mt-1_44.dll
0x000007feed280000 - 0x000007feedaf1000 	C:\MATLAB_R2012b\bin\win64\m_interpreter.dll
0x000000006ffc0000 - 0x000000006ffe7000 	C:\MATLAB_R2012b\bin\win64\libmex.dll
0x000000006e4b0000 - 0x000000006e534000 	C:\MATLAB_R2012b\bin\win64\profiler.dll
0x0000000005440000 - 0x00000000056aa000 	C:\MATLAB_R2012b\bin\win64\libmwmathutil.dll
0x0000000079f40000 - 0x0000000079f6e000 	C:\MATLAB_R2012b\bin\win64\libmwmathrng.dll
0x00000000056d0000 - 0x00000000056e2000 	C:\MATLAB_R2012b\bin\win64\libmwmfl_rng.dll
0x0000000074c10000 - 0x0000000074cee000 	C:\MATLAB_R2012b\bin\win64\libmwmathcore.dll
0x0000000076160000 - 0x00000000761ca000 	C:\MATLAB_R2012b\bin\win64\libmwspmatrix.dll
0x0000000075ea0000 - 0x0000000075f02000 	C:\MATLAB_R2012b\bin\win64\libmwcholmod.dll
0x000000007a460000 - 0x000000007a46d000 	C:\MATLAB_R2012b\bin\win64\libmwamd.dll
0x000000007a4b0000 - 0x000000007a4bc000 	C:\MATLAB_R2012b\bin\win64\libmwcolamd.dll
0x000000007a290000 - 0x000000007a2a9000 	C:\MATLAB_R2012b\bin\win64\libmwblas.dll
0x000000007a310000 - 0x000000007a321000 	C:\MATLAB_R2012b\bin\win64\libmwbinder.dll
0x000000007a4d0000 - 0x000000007a4dc000 	C:\MATLAB_R2012b\bin\win64\libmwompwrapper.dll
0x0000000005780000 - 0x0000000005805000 	C:\MATLAB_R2012b\bin\win64\libmwlapack.dll
0x0000000005820000 - 0x0000000005841000 	C:\MATLAB_R2012b\bin\win64\m_pcodeio.dll
0x0000000079b10000 - 0x0000000079b77000 	C:\MATLAB_R2012b\bin\win64\m_ir.dll
0x000000006d2c0000 - 0x000000006d930000 	C:\MATLAB_R2012b\bin\win64\m_parser.dll
0x0000000005880000 - 0x000000000589a000 	C:\MATLAB_R2012b\bin\win64\ir_xfmr.dll
0x000007feecfe0000 - 0x000007feed276000 	C:\MATLAB_R2012b\bin\win64\mcos.dll
0x00000000058c0000 - 0x00000000058d1000 	C:\MATLAB_R2012b\bin\win64\mtok.dll
0x0000000074bd0000 - 0x0000000074c01000 	C:\MATLAB_R2012b\bin\win64\m_pcodegen.dll
0x0000000079fb0000 - 0x0000000079fe6000 	C:\MATLAB_R2012b\bin\win64\libmwbridge.dll
0x0000000074630000 - 0x00000000746f8000 	C:\MATLAB_R2012b\bin\win64\udd.dll
0x000000006db50000 - 0x000000006dca2000 	C:\MATLAB_R2012b\bin\win64\libmwgui.dll
0x0000000074bb0000 - 0x0000000074bc7000 	C:\MATLAB_R2012b\bin\win64\graphics_util.dll
0x000000006c860000 - 0x000000006d2bf000 	C:\MATLAB_R2012b\bin\win64\hg.dll
0x0000000005950000 - 0x00000000059b8000 	C:\MATLAB_R2012b\bin\win64\libmat.dll
0x0000000072d30000 - 0x0000000072f44000 	C:\MATLAB_R2012b\bin\win64\hdf5dll.dll
0x0000000075710000 - 0x00000000757de000 	C:\MATLAB_R2012b\bin\win64\jmi.dll
0x00000000059f0000 - 0x00000000059fd000 	C:\MATLAB_R2012b\bin\win64\nativejava_services.dll
0x0000000073ee0000 - 0x0000000073f26000 	C:\MATLAB_R2012b\bin\win64\libmwhardcopy.dll
0x000000006e5c0000 - 0x000000006e623000 	C:\MATLAB_R2012b\bin\win64\libuij.dll
0x000000006ad90000 - 0x000000006aff4000 	C:\MATLAB_R2012b\bin\win64\hgdatatypes.dll
0x000000006da30000 - 0x000000006db4f000 	C:\MATLAB_R2012b\bin\win64\hgutils.dll
0x000000006a2f0000 - 0x000000006a3b0000 	C:\MATLAB_R2012b\bin\win64\udd_mi.dll
0x0000000005a60000 - 0x0000000005a9b000 	C:\MATLAB_R2012b\bin\win64\libmwgbtutils.dll
0x0000000005ab0000 - 0x0000000005acb000 	C:\MATLAB_R2012b\bin\win64\libmwgbt.dll
0x0000000005ae0000 - 0x0000000005db1000 	C:\MATLAB_R2012b\bin\win64\uiw.dll
0x00000000747f0000 - 0x00000000747ff000 	C:\MATLAB_R2012b\bin\win64\uinone.dll
0x0000000005de0000 - 0x0000000005e09000 	C:\MATLAB_R2012b\bin\win64\libmwnativefiledialogs.dll
0x0000000005e20000 - 0x0000000005e28000 	C:\MATLAB_R2012b\bin\win64\libmwplatform_res.dll
0x000007fef3b10000 - 0x000007fef3b28000 	C:\Windows\system32\MPR.dll
0x000000006a3b0000 - 0x000000006a894000 	C:\Windows\WinSxS\amd64_microsoft.vc90.mfc_1fc8b3b9a1e18e3b_9.0.30729.6161_none_044aad0bab1eb146\mfc90.dll
0x000007fef08b0000 - 0x000007fef08b7000 	C:\Windows\system32\MSIMG32.dll
0x000007fef38a0000 - 0x000007fef3911000 	C:\Windows\system32\WINSPOOL.DRV
0x0000000068ac0000 - 0x0000000068ae2000 	C:\MATLAB_R2012b\bin\win64\mwoles05.DLL
0x0000000068a40000 - 0x0000000068abd000 	C:\MATLAB_R2012b\bin\win64\comcli.dll
0x000000006fbc0000 - 0x000000006fbef000 	C:\Windows\WinSxS\amd64_microsoft.vc90.atl_1fc8b3b9a1e18e3b_9.0.30729.6161_none_0a1fd3a3a768b895\ATL90.DLL
0x000000006e030000 - 0x000000006e03c000 	C:\MATLAB_R2012b\bin\win64\mlautoregister.dll
0x000007fefddc0000 - 0x000007fefddee000 	C:\Windows\system32\IMM32.DLL
0x000007fefe8b0000 - 0x000007fefe9b9000 	C:\Windows\system32\MSCTF.dll
0x0000000005f90000 - 0x0000000005f9a000 	C:\Windows\KATRK64.DLL
0x000007fefb720000 - 0x000007fefb731000 	C:\Windows\system32\WTSAPI32.dll
0x000007fefc0f0000 - 0x000007fefc146000 	C:\Windows\system32\UxTheme.dll
0x000007fefbc10000 - 0x000007fefbc28000 	C:\Windows\system32\dwmapi.dll
0x0000000074b70000 - 0x0000000074b7d000 	C:\Windows\WinSxS\amd64_microsoft.vc90.mfcloc_1fc8b3b9a1e18e3b_9.0.30729.6161_none_01c9581e60cbee58\MFC90ENU.DLL
0x000007fefd540000 - 0x000007fefd54f000 	C:\Windows\system32\profapi.dll
0x0000000006200000 - 0x000000000620f000 	C:\MATLAB_R2012b\bin\win64\xmlxrcsc.dll
0x000007fefd410000 - 0x000007fefd41f000 	C:\Windows\system32\CRYPTBASE.dll
0x000007fefc150000 - 0x000007fefc344000 	C:\Windows\WinSxS\amd64_microsoft.windows.common-controls_6595b64144ccf1df_6.0.7601.17514_none_fa396087175ac9ac\comctl32.dll
0x000007fefea30000 - 0x000007fefeac9000 	C:\Windows\system32\CLBCatQ.DLL
0x000007fefde10000 - 0x000007fefdfe7000 	C:\Windows\system32\SETUPAPI.dll
0x000007fefd5f0000 - 0x000007fefd626000 	C:\Windows\system32\CFGMGR32.dll

VM Arguments:
jvm_args: -Xss512k -XX:PermSize=32m -Xms64m -XX:NewRatio=3 -XX:MaxPermSize=128m -Xmx196m -XX:MaxDirectMemorySize=2147400000 -Dsun.java2d.noddraw=true -Dsun.awt.nopixfmt=true -Xshare:off -Xrs -Dsun.awt.disableMixing=true -Djava.library.path=C:\MATLAB_R2012b\bin\win64;C:\MATLAB_R2012b\sys\jxbrowser\win64\lib vfprintf abort 
java_command: <unknown>
Launcher Type: generic

Environment Variables:
CLASSPATH=.;C:\Program Files (x86)\QuickTime\QTSystem\QTJava.zip
PATH=C:\MATLAB_R2012b\bin\win64;C:\Program Files (x86)\MiKTeX 2.8\miktex\bin;C:\Program Files (x86)\NVIDIA Corporation\PhysX\Common;C:\Windows\system32;C:\Windows;C:\Windows\System32\Wbem;C:\Windows\System32\WindowsPowerShell\v1.0\;C:\Program Files (x86)\Microsoft Application Virtualization Client;C:\Program Files (x86)\QuickTime\QTSystem\;C:\MATLAB_R2012b\runtime\win64;C:\MATLAB_R2012b\bin;c:\Program Files (x86)\Microsoft SQL Server\100\Tools\Binn\;c:\Program Files (x86)\Microsoft SQL Server\100\DTS\Binn\;C:\Program Files (x86)\Microsoft SQL Server\80\Tools\Binn\;C:\Program Files (x86)\Agilent\IO Libraries Suite\bin;C:\Program Files\Agilent\IO Libraries Suite\bin;C:\Program Files (x86)\IVI Foundation\VISA\WinNT\agvisa;C:\Program Files\IVI Foundation\VISA\Win64\agvisa;C:\Program Files (x86)\IVI Foundation\IVI\bin;C:\Program Files\IVI Foundation\IVI\bin;C:\Program Files\IVI Foundation\VISA\Win64\Bin\;C:\Program Files (x86)\IVI Foundation\VISA\WinNT\Bin\;C:\Program Files (x86)\Common Files\Roxio Shared\DLLShared\;C:\Program Files\TortoiseSVN\bin
USERNAME=d34457z
OS=Windows_NT
PROCESSOR_IDENTIFIER=Intel64 Family 6 Model 23 Stepping 10, GenuineIntel



---------------  S Y S T E M  ---------------

OS: Windows 7 Build 7601 Service Pack 1

CPU:total 2 (2 cores per cpu, 1 threads per core) family 6 model 23 stepping 10, cmov, cx8, fxsr, mmx, sse, sse2, sse3, ssse3, sse4.1

Memory: 4k page, physical 8282140k(5698044k free), swap 16562420k(13902032k free)

vm_info: Java HotSpot(TM) 64-Bit Server VM (14.3-b01) for windows-amd64 JRE (1.6.0_17-b04), built on Oct 11 2009 00:46:08 by "java_re" with MS VC++ 8.0

time: Wed May 29 17:31:40 2013
elapsed time: 411 seconds

